<?xml version="1.0" encoding="UTF-8" ?>
<testsuite tests="2" failures="1" name="com.example.todo.service.TodoServiceTest" time="0.18" errors="0" skipped="0">
  <properties>
[...]
</properties>
  <testcase classname="com.example.todo.service.TodoServiceTest" name="com.example.todo.service.TodoServiceTest.testCreate_callsSaveAndReturns" time="0.125">
    <failure message="
Misplaced or misused argument matcher detected here:

-&gt; at com.example.todo.controller.TodoControllerTest.testCreateAndList(TodoControllerTest.java:44)

You cannot use argument matchers outside of verification or stubbing.
Examples of correct usage of argument matchers:
    when(mock.get(anyInt())).thenReturn(null);
    doThrow(new RuntimeException()).when(mock).someVoidMethod(any());
    verify(mock).someMethod(contains(&quot;foo&quot;))

This message may appear after an NullPointerException if the last matcher is returning an object 
like any() but the stubbed method signature expect a primitive argument, in this case,
use primitive alternatives.
    when(mock.get(any())); // bad use, will raise NPE
    when(mock.get(anyInt())); // correct usage use

Also, this error might show up because you use argument matchers with methods that cannot be mocked.
Following methods *cannot* be stubbed/verified: final/private/equals()/hashCode().
Mocking methods declared on non-public parent classes is not supported.
" type="org.mockito.exceptions.misusing.InvalidUseOfMatchersException">org.mockito.exceptions.misusing.InvalidUseOfMatchersException: 
Misplaced or misused argument matcher detected here:
-&gt; at com.example.todo.controller.TodoControllerTest.testCreateAndList(TodoControllerTest.java:44)
You cannot use argument matchers outside of verification or stubbing.
Examples of correct usage of argument matchers:
    when(mock.get(anyInt())).thenReturn(null);
    doThrow(new RuntimeException()).when(mock).someVoidMethod(any());
    verify(mock).someMethod(contains(&quot;foo&quot;))
This message may appear after an NullPointerException if the last matcher is returning an object 
like any() but the stubbed method signature expect a primitive argument, in this case,
use primitive alternatives.
    when(mock.get(any())); // bad use, will raise NPE
    when(mock.get(anyInt())); // correct usage use
Also, this error might show up because you use argument matchers with methods that cannot be mocked.
Following methods *cannot* be stubbed/verified: final/private/equals()/hashCode().
Mocking methods declared on non-public parent classes is not supported.
	at com.example.todo.service.TodoServiceTest.testCreate_callsSaveAndReturns(TodoServiceTest.java:23)
</failure>
  </testcase>
  <testcase classname="com.example.todo.service.TodoServiceTest" name="com.example.todo.service.TodoServiceTest.testList_withNoCompleted_usesPaging" time="0.055"/>
</testsuite>